<?xml version="1.0" encoding="UTF-8" ?>
<testsuite tests="69" failures="0" name="TestSuite" time="74.763" errors="0" skipped="0">
  <properties>
    <property name="java.runtime.name" value="Java(TM) SE Runtime Environment"/>
    <property name="java.vm.version" value="18.0.1.1+2-6"/>
    <property name="sun.boot.library.path" value="C:\Program Files\Java\jdk-18.0.1.1\bin"/>
    <property name="maven.multiModuleProjectDirectory" value="C:\Users\HP\Desktop\Sathya Natwet Projects\NatWestCaseStudy"/>
    <property name="java.vm.vendor" value="Oracle Corporation"/>
    <property name="java.vendor.url" value="https://java.oracle.com/"/>
    <property name="guice.disable.misplaced.annotation.check" value="true"/>
    <property name="path.separator" value=";"/>
    <property name="java.vm.name" value="Java HotSpot(TM) 64-Bit Server VM"/>
    <property name="sun.os.patch.level" value=""/>
    <property name="user.script" value=""/>
    <property name="user.country" value="IN"/>
    <property name="sun.java.launcher" value="SUN_STANDARD"/>
    <property name="java.vm.specification.name" value="Java Virtual Machine Specification"/>
    <property name="user.dir" value="C:\Users\HP\Desktop\Sathya Natwet Projects\NatWestCaseStudy"/>
    <property name="java.vm.compressedOopsMode" value="32-bit"/>
    <property name="java.runtime.version" value="18.0.1.1+2-6"/>
    <property name="os.arch" value="amd64"/>
    <property name="java.io.tmpdir" value="C:\Users\HP\AppData\Local\Temp\"/>
    <property name="line.separator" value="
"/>
    <property name="java.vm.specification.vendor" value="Oracle Corporation"/>
    <property name="user.variant" value=""/>
    <property name="os.name" value="Windows 11"/>
    <property name="classworlds.conf" value="C:\Program Files\apache-maven-3.8.6\bin\m2.conf"/>
    <property name="sun.jnu.encoding" value="Cp1252"/>
    <property name="java.library.path" value="C:\Program Files\Java\jdk-18.0.1.1\bin;C:\WINDOWS\Sun\Java\bin;C:\WINDOWS\system32;C:\WINDOWS;C:\Program Files\Common Files\Oracle\Java\javapath;C:\WINDOWS\system32;C:\WINDOWS;C:\WINDOWS\System32\Wbem;C:\WINDOWS\System32\WindowsPowerShell\v1.0\;C:\WINDOWS\System32\OpenSSH\;C:\Program Files\Java\jdk-18.0.1.1;%M2%;C:\Program Files\nodejs\;C:\Program Files\apache-maven-3.8.6\bin;C:\Program Files\Git\cmd;C:\Program Files\allure-2.18.1\bin;C:\Users\HP\AppData\Local\Microsoft\WindowsApps;C:\Users\HP\AppData\Local\Programs\Fiddler;C:\Users\HP\AppData\Local\Microsoft\WindowsApps;%MAVEN_HOME%\bin;C:\Users\HP\AppData\Roaming\npm;."/>
    <property name="maven.conf" value="C:\Program Files\apache-maven-3.8.6/conf"/>
    <property name="jdk.debug" value="release"/>
    <property name="java.class.version" value="62.0"/>
    <property name="java.specification.name" value="Java Platform API Specification"/>
    <property name="sun.management.compiler" value="HotSpot 64-Bit Tiered Compilers"/>
    <property name="os.version" value="10.0"/>
    <property name="library.jansi.path" value="C:\Program Files\apache-maven-3.8.6\lib\jansi-native"/>
    <property name="user.home" value="C:\Users\HP"/>
    <property name="user.timezone" value="Asia/Calcutta"/>
    <property name="file.encoding" value="UTF-8"/>
    <property name="java.specification.version" value="18"/>
    <property name="user.name" value="HP"/>
    <property name="java.class.path" value="C:\Program Files\apache-maven-3.8.6\boot\plexus-classworlds-2.6.0.jar"/>
    <property name="java.vm.specification.version" value="18"/>
    <property name="sun.arch.data.model" value="64"/>
    <property name="sun.java.command" value="org.codehaus.plexus.classworlds.launcher.Launcher clean install"/>
    <property name="java.home" value="C:\Program Files\Java\jdk-18.0.1.1"/>
    <property name="user.language" value="en"/>
    <property name="java.specification.vendor" value="Oracle Corporation"/>
    <property name="java.vm.info" value="mixed mode, sharing"/>
    <property name="java.version" value="18.0.1.1"/>
    <property name="native.encoding" value="Cp1252"/>
    <property name="java.vendor" value="Oracle Corporation"/>
    <property name="maven.home" value="C:\Program Files\apache-maven-3.8.6"/>
    <property name="file.separator" value="\"/>
    <property name="java.version.date" value="2022-04-22"/>
    <property name="java.vendor.url.bug" value="https://bugreport.java.com/bugreport/"/>
    <property name="sun.io.unicode.encoding" value="UnicodeLittle"/>
    <property name="sun.cpu.endian" value="little"/>
    <property name="sun.cpu.isalist" value="amd64"/>
  </properties>
  <testcase classname="Exercise1.Test_1_Validate_Headers" name="TestToDisplayHeaders" time="5.095"/>
  <testcase classname="Exercise1.Test_1_Validate_Headers" name="TestToDisplayHeaders" time="0.8"/>
  <testcase classname="Exercise1.Test_1_Validate_Headers" name="TestToDisplayHeaders" time="1.065"/>
  <testcase classname="Exercise1.Test_1_Validate_Headers" name="TestToDisplayHeaders" time="1.171"/>
  <testcase classname="Exercise1.Test_1_Validate_Headers" name="TestToDisplayHeaders" time="1.521"/>
  <testcase classname="Exercise1.Test_1_Validate_Headers" name="TestToDisplayHeaders" time="1.805"/>
  <testcase classname="Exercise1.Test_1_Validate_Headers" name="TestToDisplayHeaders" time="0.774"/>
  <testcase classname="Exercise1.Test_1_Validate_Headers" name="TestToDisplayHeaders" time="0.898"/>
  <testcase classname="Exercise1.Test_1_Validate_Headers" name="TestToDisplayHeaders" time="1.042"/>
  <testcase classname="Exercise1.Test_1_Validate_Headers" name="TestToDisplayHeaders" time="1.136"/>
  <testcase classname="Exercise1.Test_1_Validate_Headers" name="TestToDisplayHeaders" time="0.881"/>
  <testcase classname="Exercise1.Test_1_Validate_Headers" name="VerifyContentTypeIsApplicationJSON" time="0.881"/>
  <testcase classname="Exercise1.Test_1_Validate_Headers" name="VerifyContentTypeIsApplicationJSON" time="1.162"/>
  <testcase classname="Exercise1.Test_1_Validate_Headers" name="VerifyContentTypeIsApplicationJSON" time="0.83"/>
  <testcase classname="Exercise1.Test_1_Validate_Headers" name="VerifyContentTypeIsApplicationJSON" time="1.013"/>
  <testcase classname="Exercise1.Test_1_Validate_Headers" name="VerifyContentTypeIsApplicationJSON" time="1.145"/>
  <testcase classname="Exercise1.Test_1_Validate_Headers" name="VerifyContentTypeIsApplicationJSON" time="1.25"/>
  <testcase classname="Exercise1.Test_1_Validate_Headers" name="VerifyContentTypeIsApplicationJSON" time="0.999"/>
  <testcase classname="Exercise1.Test_1_Validate_Headers" name="VerifyContentTypeIsApplicationJSON" time="0.892"/>
  <testcase classname="Exercise1.Test_1_Validate_Headers" name="VerifyContentTypeIsApplicationJSON" time="0.82"/>
  <testcase classname="Exercise1.Test_1_Validate_Headers" name="VerifyContentTypeIsApplicationJSON" time="0.832"/>
  <testcase classname="Exercise1.Test_1_Validate_Headers" name="VerifyContentTypeIsApplicationJSON" time="0.823"/>
  <testcase classname="Exercise1.Test_1_Validate_Headers" name="VerifyContentTypeIsPresent" time="0.784"/>
  <testcase classname="Exercise1.Test_1_Validate_Headers" name="VerifyContentTypeIsPresent" time="1.713"/>
  <testcase classname="Exercise1.Test_1_Validate_Headers" name="VerifyContentTypeIsPresent" time="1.029"/>
  <testcase classname="Exercise1.Test_1_Validate_Headers" name="VerifyContentTypeIsPresent" time="1.029"/>
  <testcase classname="Exercise1.Test_1_Validate_Headers" name="VerifyContentTypeIsPresent" time="0.817"/>
  <testcase classname="Exercise1.Test_1_Validate_Headers" name="VerifyContentTypeIsPresent" time="1.351"/>
  <testcase classname="Exercise1.Test_1_Validate_Headers" name="VerifyContentTypeIsPresent" time="0.762"/>
  <testcase classname="Exercise1.Test_1_Validate_Headers" name="VerifyContentTypeIsPresent" time="0.843"/>
  <testcase classname="Exercise1.Test_1_Validate_Headers" name="VerifyContentTypeIsPresent" time="0.822"/>
  <testcase classname="Exercise1.Test_1_Validate_Headers" name="VerifyContentTypeIsPresent" time="0.984"/>
  <testcase classname="Exercise1.Test_1_Validate_Headers" name="VerifyContentTypeIsPresent" time="1.361"/>
  <testcase classname="Exercise1.Test_2_Verify_Attributes" name="DisplayAllStarWarsCharacterNames" time="3.769"/>
  <testcase classname="Exercise1.Test_2_Verify_Attributes" name="GetCountOfStarWarsCharacters" time="0.994"/>
  <testcase classname="Exercise1.Test_2_Verify_Attributes" name="ValidateSpecificStarWarsCharacterNames" time="1.074"/>
  <testcase classname="Exercise1.Test_3_Verify_API_Responses" name="testResponseCode200" time="1.019"/>
  <testcase classname="Exercise1.Test_3_Verify_API_Responses" name="testResponseCode200" time="1.216"/>
  <testcase classname="Exercise1.Test_3_Verify_API_Responses" name="testResponseCode200" time="1.246"/>
  <testcase classname="Exercise1.Test_3_Verify_API_Responses" name="testResponseCode200" time="1.045"/>
  <testcase classname="Exercise1.Test_3_Verify_API_Responses" name="testResponseCode200" time="0.804"/>
  <testcase classname="Exercise1.Test_3_Verify_API_Responses" name="testResponseCode200" time="1.596"/>
  <testcase classname="Exercise1.Test_3_Verify_API_Responses" name="testResponseCode200" time="1.015"/>
  <testcase classname="Exercise1.Test_3_Verify_API_Responses" name="testResponseCode200" time="0.885"/>
  <testcase classname="Exercise1.Test_3_Verify_API_Responses" name="testResponseCode200" time="0.799"/>
  <testcase classname="Exercise1.Test_3_Verify_API_Responses" name="testResponseCode200" time="0.865"/>
  <testcase classname="Exercise1.Test_3_Verify_API_Responses" name="testResponseCode200" time="0.805"/>
  <testcase classname="Exercise1.Test_3_Verify_API_Responses" name="testResponseCode400" time="0.879"/>
  <testcase classname="Exercise1.Test_3_Verify_API_Responses" name="testResponseCode400" time="1.037"/>
  <testcase classname="Exercise1.Test_3_Verify_API_Responses" name="testResponseCode400" time="0.856"/>
  <testcase classname="Exercise1.Test_3_Verify_API_Responses" name="testResponseCode400" time="1"/>
  <testcase classname="Exercise1.Test_3_Verify_API_Responses" name="testResponseCode400" time="0.899"/>
  <testcase classname="Exercise1.Test_3_Verify_API_Responses" name="testResponseCode400" time="0.896"/>
  <testcase classname="Exercise1.Test_3_Verify_API_Responses" name="testResponseCode400" time="0.787"/>
  <testcase classname="Exercise1.Test_3_Verify_API_Responses" name="testResponseCode400" time="0.829"/>
  <testcase classname="Exercise1.Test_3_Verify_API_Responses" name="testResponseCode400" time="0.791"/>
  <testcase classname="Exercise1.Test_3_Verify_API_Responses" name="testResponseCode400" time="1.412"/>
  <testcase classname="Exercise1.Test_3_Verify_API_Responses" name="testResponseCode400" time="1.017"/>
  <testcase classname="Exercise1.Test_3_Verify_API_Responses" name="testResponseCode404" time="0.768"/>
  <testcase classname="Exercise1.Test_3_Verify_API_Responses" name="testResponseCode404" time="0.772"/>
  <testcase classname="Exercise1.Test_3_Verify_API_Responses" name="testResponseCode404" time="0.821"/>
  <testcase classname="Exercise1.Test_3_Verify_API_Responses" name="testResponseCode404" time="0.796"/>
  <testcase classname="Exercise1.Test_3_Verify_API_Responses" name="testResponseCode404" time="0.856"/>
  <testcase classname="Exercise1.Test_3_Verify_API_Responses" name="testResponseCode404" time="0.796"/>
  <testcase classname="Exercise1.Test_3_Verify_API_Responses" name="testResponseCode404" time="0.992"/>
  <testcase classname="Exercise1.Test_3_Verify_API_Responses" name="testResponseCode404" time="0.759"/>
  <testcase classname="Exercise1.Test_3_Verify_API_Responses" name="testResponseCode404" time="0.801"/>
  <testcase classname="Exercise1.Test_3_Verify_API_Responses" name="testResponseCode404" time="0.764"/>
  <testcase classname="Exercise1.Test_3_Verify_API_Responses" name="testResponseCode404" time="0.773"/>
</testsuite>