<?xml version="1.0" encoding="UTF-8"?>
<!-- Generated by org.testng.reporters.JUnitReportReporter -->
<testsuite hostname="RecityNetworks" failures="0" tests="2" name="Exercise1.Test_1_Validate_Headers" time="5.149" errors="0" timestamp="2022-07-15T13:01:22 IST" skipped="0">
  <testcase classname="Exercise1.Test_1_Validate_Headers" name="VerifyContentTypeIsPresent" time="2.932"/>
  <system-out/>
  <testcase classname="Exercise1.Test_1_Validate_Headers" name="VerifyContentTypeIsJSON" time="2.217"/>
  <system-out/>
</testsuite> <!-- Exercise1.Test_1_Validate_Headers -->
