<?xml version="1.0" encoding="UTF-8"?>
<!-- Generated by org.testng.reporters.JUnitReportReporter -->
<testsuite hostname="RecityNetworks" failures="0" tests="33" name="Exercise1.Test_1_Validate_Headers" time="37.837" errors="0" timestamp="2022-07-15T22:26:11 IST" skipped="0">
  <testcase classname="Exercise1.Test_1_Validate_Headers" name="VerifyContentTypeIsApplicationJSON" time="0.812"/>
  <system-out/>
  <testcase classname="Exercise1.Test_1_Validate_Headers" name="VerifyContentTypeIsPresent" time="0.807"/>
  <system-out/>
  <testcase classname="Exercise1.Test_1_Validate_Headers" name="VerifyContentTypeIsPresent" time="0.757"/>
  <system-out/>
  <testcase classname="Exercise1.Test_1_Validate_Headers" name="VerifyContentTypeIsApplicationJSON" time="1.011"/>
  <system-out/>
  <testcase classname="Exercise1.Test_1_Validate_Headers" name="VerifyContentTypeIsPresent" time="1.018"/>
  <system-out/>
  <testcase classname="Exercise1.Test_1_Validate_Headers" name="VerifyContentTypeIsApplicationJSON" time="1.144"/>
  <system-out/>
  <testcase classname="Exercise1.Test_1_Validate_Headers" name="VerifyContentTypeIsPresent" time="1.339"/>
  <system-out/>
  <testcase classname="Exercise1.Test_1_Validate_Headers" name="TestToDisplayHeaders" time="0.874"/>
  <system-out/>
  <testcase classname="Exercise1.Test_1_Validate_Headers" name="VerifyContentTypeIsApplicationJSON" time="0.995"/>
  <system-out/>
  <testcase classname="Exercise1.Test_1_Validate_Headers" name="VerifyContentTypeIsApplicationJSON" time="0.880"/>
  <system-out/>
  <testcase classname="Exercise1.Test_1_Validate_Headers" name="VerifyContentTypeIsApplicationJSON" time="1.158"/>
  <system-out/>
  <testcase classname="Exercise1.Test_1_Validate_Headers" name="TestToDisplayHeaders" time="1.099"/>
  <system-out/>
  <testcase classname="Exercise1.Test_1_Validate_Headers" name="TestToDisplayHeaders" time="1.803"/>
  <system-out/>
  <testcase classname="Exercise1.Test_1_Validate_Headers" name="TestToDisplayHeaders" time="0.766"/>
  <system-out/>
  <testcase classname="Exercise1.Test_1_Validate_Headers" name="VerifyContentTypeIsApplicationJSON" time="0.814"/>
  <system-out/>
  <testcase classname="Exercise1.Test_1_Validate_Headers" name="VerifyContentTypeIsPresent" time="0.778"/>
  <system-out/>
  <testcase classname="Exercise1.Test_1_Validate_Headers" name="VerifyContentTypeIsApplicationJSON" time="0.873"/>
  <system-out/>
  <testcase classname="Exercise1.Test_1_Validate_Headers" name="TestToDisplayHeaders" time="1.452"/>
  <system-out/>
  <testcase classname="Exercise1.Test_1_Validate_Headers" name="TestToDisplayHeaders" time="1.040"/>
  <system-out/>
  <testcase classname="Exercise1.Test_1_Validate_Headers" name="VerifyContentTypeIsApplicationJSON" time="0.829"/>
  <system-out/>
  <testcase classname="Exercise1.Test_1_Validate_Headers" name="TestToDisplayHeaders" time="0.874"/>
  <system-out/>
  <testcase classname="Exercise1.Test_1_Validate_Headers" name="TestToDisplayHeaders" time="1.062"/>
  <system-out/>
  <testcase classname="Exercise1.Test_1_Validate_Headers" name="TestToDisplayHeaders" time="4.899"/>
  <system-out/>
  <testcase classname="Exercise1.Test_1_Validate_Headers" name="VerifyContentTypeIsPresent" time="0.836"/>
  <system-out/>
  <testcase classname="Exercise1.Test_1_Validate_Headers" name="VerifyContentTypeIsPresent" time="1.355"/>
  <system-out/>
  <testcase classname="Exercise1.Test_1_Validate_Headers" name="VerifyContentTypeIsPresent" time="1.705"/>
  <system-out/>
  <testcase classname="Exercise1.Test_1_Validate_Headers" name="TestToDisplayHeaders" time="1.162"/>
  <system-out/>
  <testcase classname="Exercise1.Test_1_Validate_Headers" name="VerifyContentTypeIsPresent" time="0.979"/>
  <system-out/>
  <testcase classname="Exercise1.Test_1_Validate_Headers" name="TestToDisplayHeaders" time="0.799"/>
  <system-out/>
  <testcase classname="Exercise1.Test_1_Validate_Headers" name="VerifyContentTypeIsPresent" time="1.027"/>
  <system-out/>
  <testcase classname="Exercise1.Test_1_Validate_Headers" name="VerifyContentTypeIsApplicationJSON" time="0.829"/>
  <system-out/>
  <testcase classname="Exercise1.Test_1_Validate_Headers" name="VerifyContentTypeIsPresent" time="0.814"/>
  <system-out/>
  <testcase classname="Exercise1.Test_1_Validate_Headers" name="VerifyContentTypeIsApplicationJSON" time="1.247"/>
  <system-out/>
</testsuite> <!-- Exercise1.Test_1_Validate_Headers -->
