<?xml version="1.0" encoding="UTF-8"?>
<!-- Generated by org.testng.reporters.JUnitReportReporter -->
<testsuite hostname="RecityNetworks" failures="0" tests="3" name="Exercise1.Test_2_Verify_Attributes" time="26.796" errors="0" timestamp="2022-07-15T13:01:22 IST" skipped="0">
  <testcase classname="Exercise1.Test_2_Verify_Attributes" name="DisplayAllStarWarsCharacterNames" time="11.971"/>
  <system-out/>
  <testcase classname="Exercise1.Test_2_Verify_Attributes" name="ValidateSpecificStarWarsCharacterNames" time="5.703"/>
  <system-out/>
  <testcase classname="Exercise1.Test_2_Verify_Attributes" name="GetCountOfStarWarsCharacters" time="9.122"/>
  <system-out/>
</testsuite> <!-- Exercise1.Test_2_Verify_Attributes -->
