<?xml version="1.0" encoding="UTF-8"?>
<!-- Generated by org.testng.reporters.JUnitReportReporter -->
<testsuite hostname="RecityNetworks" failures="0" tests="3" name="Exercise1.Test_2_Verify_Attributes" time="5.829" errors="0" timestamp="2022-07-15T22:26:11 IST" skipped="0">
  <testcase classname="Exercise1.Test_2_Verify_Attributes" name="GetCountOfStarWarsCharacters" time="0.992"/>
  <system-out/>
  <testcase classname="Exercise1.Test_2_Verify_Attributes" name="DisplayAllStarWarsCharacterNames" time="3.765"/>
  <system-out/>
  <testcase classname="Exercise1.Test_2_Verify_Attributes" name="ValidateSpecificStarWarsCharacterNames" time="1.072"/>
  <system-out/>
</testsuite> <!-- Exercise1.Test_2_Verify_Attributes -->
