<?xml version="1.0" encoding="UTF-8"?>
<!-- Generated by org.testng.reporters.JUnitReportReporter -->
<testsuite hostname="RecityNetworks" failures="0" tests="33" name="Exercise1.Test_3_Verify_API_Responses" time="30.310" errors="0" timestamp="2022-07-15T22:26:11 IST" skipped="0">
  <testcase classname="Exercise1.Test_3_Verify_API_Responses" name="testResponseCode400" time="0.895"/>
  <system-out/>
  <testcase classname="Exercise1.Test_3_Verify_API_Responses" name="testResponseCode400" time="1.407"/>
  <system-out/>
  <testcase classname="Exercise1.Test_3_Verify_API_Responses" name="testResponseCode400" time="0.872"/>
  <system-out/>
  <testcase classname="Exercise1.Test_3_Verify_API_Responses" name="testResponseCode200" time="1.017"/>
  <system-out/>
  <testcase classname="Exercise1.Test_3_Verify_API_Responses" name="testResponseCode200" time="0.830"/>
  <system-out/>
  <testcase classname="Exercise1.Test_3_Verify_API_Responses" name="testResponseCode404" time="0.798"/>
  <system-out/>
  <testcase classname="Exercise1.Test_3_Verify_API_Responses" name="testResponseCode400" time="0.826"/>
  <system-out/>
  <testcase classname="Exercise1.Test_3_Verify_API_Responses" name="testResponseCode200" time="1.006"/>
  <system-out/>
  <testcase classname="Exercise1.Test_3_Verify_API_Responses" name="testResponseCode404" time="0.764"/>
  <system-out/>
  <testcase classname="Exercise1.Test_3_Verify_API_Responses" name="testResponseCode404" time="0.766"/>
  <system-out/>
  <testcase classname="Exercise1.Test_3_Verify_API_Responses" name="testResponseCode404" time="0.761"/>
  <system-out/>
  <testcase classname="Exercise1.Test_3_Verify_API_Responses" name="testResponseCode400" time="0.850"/>
  <system-out/>
  <testcase classname="Exercise1.Test_3_Verify_API_Responses" name="testResponseCode200" time="0.822"/>
  <system-out/>
  <testcase classname="Exercise1.Test_3_Verify_API_Responses" name="testResponseCode400" time="0.785"/>
  <system-out/>
  <testcase classname="Exercise1.Test_3_Verify_API_Responses" name="testResponseCode404" time="0.753"/>
  <system-out/>
  <testcase classname="Exercise1.Test_3_Verify_API_Responses" name="testResponseCode200" time="0.784"/>
  <system-out/>
  <testcase classname="Exercise1.Test_3_Verify_API_Responses" name="testResponseCode400" time="0.780"/>
  <system-out/>
  <testcase classname="Exercise1.Test_3_Verify_API_Responses" name="testResponseCode404" time="0.767"/>
  <system-out/>
  <testcase classname="Exercise1.Test_3_Verify_API_Responses" name="testResponseCode404" time="0.988"/>
  <system-out/>
  <testcase classname="Exercise1.Test_3_Verify_API_Responses" name="testResponseCode400" time="1.014"/>
  <system-out/>
  <testcase classname="Exercise1.Test_3_Verify_API_Responses" name="testResponseCode200" time="1.018"/>
  <system-out/>
  <testcase classname="Exercise1.Test_3_Verify_API_Responses" name="testResponseCode400" time="0.848"/>
  <system-out/>
  <testcase classname="Exercise1.Test_3_Verify_API_Responses" name="testResponseCode200" time="1.213"/>
  <system-out/>
  <testcase classname="Exercise1.Test_3_Verify_API_Responses" name="testResponseCode200" time="1.234"/>
  <system-out/>
  <testcase classname="Exercise1.Test_3_Verify_API_Responses" name="testResponseCode200" time="1.596"/>
  <system-out/>
  <testcase classname="Exercise1.Test_3_Verify_API_Responses" name="testResponseCode400" time="1.032"/>
  <system-out/>
  <testcase classname="Exercise1.Test_3_Verify_API_Responses" name="testResponseCode404" time="0.852"/>
  <system-out/>
  <testcase classname="Exercise1.Test_3_Verify_API_Responses" name="testResponseCode404" time="0.786"/>
  <system-out/>
  <testcase classname="Exercise1.Test_3_Verify_API_Responses" name="testResponseCode200" time="0.798"/>
  <system-out/>
  <testcase classname="Exercise1.Test_3_Verify_API_Responses" name="testResponseCode404" time="0.818"/>
  <system-out/>
  <testcase classname="Exercise1.Test_3_Verify_API_Responses" name="testResponseCode400" time="0.993"/>
  <system-out/>
  <testcase classname="Exercise1.Test_3_Verify_API_Responses" name="testResponseCode404" time="0.792"/>
  <system-out/>
  <testcase classname="Exercise1.Test_3_Verify_API_Responses" name="testResponseCode200" time="0.845"/>
  <system-out/>
</testsuite> <!-- Exercise1.Test_3_Verify_API_Responses -->
